2020-07-27 09:10:01,392 ERROR 14240 [-/127.0.0.1/-/2ms POST /v1/collection] nodejs.TypeError: Cannot read property 'id' of null
    at OperatingGoodsController.collection (C:\Users\Liu\Desktop\mall\server\app\controller\api\operatingGoods.js:16:24)
    at runMicrotasks (<anonymous>)
    at processTicksAndRejections (internal/process/task_queues.js:93:5)
    at async C:\Users\Liu\Desktop\mall\server\app\middleware\isLogin.js:15:13
    at async C:\Users\Liu\Desktop\mall\server\node_modules\_egg-development@2.5.0@egg-development\app\middleware\egg_loader_trace.js:9:50
    at async xframe (C:\Users\Liu\Desktop\mall\server\node_modules\_egg-security@2.8.0@egg-security\lib\middlewares\xframe.js:7:5)
    at async xssProtection (C:\Users\Liu\Desktop\mall\server\node_modules\_egg-security@2.8.0@egg-security\lib\middlewares\xssProtection.js:7:5)
    at async nosniff (C:\Users\Liu\Desktop\mall\server\node_modules\_egg-security@2.8.0@egg-security\lib\middlewares\nosniff.js:8:5)
    at async noopen (C:\Users\Liu\Desktop\mall\server\node_modules\_egg-security@2.8.0@egg-security\lib\middlewares\noopen.js:8:5)
    at async session (C:\Users\Liu\Desktop\mall\server\node_modules\_koa-session@6.0.0@koa-session\index.js:41:7)
    at async bodyParser (C:\Users\Liu\Desktop\mall\server\node_modules\_koa-bodyparser@4.3.0@koa-bodyparser\index.js:95:5)
    at async C:\Users\Liu\Desktop\mall\server\node_modules\_koa-static-cache@5.1.3@koa-static-cache\index.js:39:63
    at async notfound (C:\Users\Liu\Desktop\mall\server\node_modules\_egg@2.27.0@egg\app\middleware\notfound.js:5:5)
    at async meta (C:\Users\Liu\Desktop\mall\server\node_modules\_egg@2.27.0@egg\app\middleware\meta.js:12:5)

pid: 14240
hostname: LAPTOP-I8SB88A2

2020-07-28 09:22:50,150 ERROR 13140 [-/127.0.0.1/-/3ms POST /v1/setDefaultAddress] nodejs.CastError: Cast to ObjectId failed for value "" at path "_id" for model "Address"
    at model.Query.exec (C:\Users\Liu\Desktop\mall\server\node_modules\_mongoose@5.9.25@mongoose\lib\query.js:4351:21)
    at model.Query.Query.then (C:\Users\Liu\Desktop\mall\server\node_modules\_mongoose@5.9.25@mongoose\lib\query.js:4443:15)
    at runMicrotasks (<anonymous>)
    at processTicksAndRejections (internal/process/task_queues.js:93:5)
messageFormat: undefined
stringValue: "\"\""
kind: "ObjectId"
value: ""
path: "_id"
reason: {}
pid: 13140
hostname: LAPTOP-I8SB88A2

2020-07-28 09:33:29,038 ERROR 13140 [-/127.0.0.1/-/2ms POST /v1/setDefaultAddress] nodejs.CastError: Cast to ObjectId failed for value "2" at path "_id" for model "Address"
    at model.Query.exec (C:\Users\Liu\Desktop\mall\server\node_modules\_mongoose@5.9.25@mongoose\lib\query.js:4351:21)
    at model.Query.Query.then (C:\Users\Liu\Desktop\mall\server\node_modules\_mongoose@5.9.25@mongoose\lib\query.js:4443:15)
    at runMicrotasks (<anonymous>)
    at processTicksAndRejections (internal/process/task_queues.js:93:5)
messageFormat: undefined
stringValue: "\"2\""
kind: "ObjectId"
value: "2"
path: "_id"
reason: {}
pid: 13140
hostname: LAPTOP-I8SB88A2

2020-07-28 09:34:34,568 ERROR 13140 [-/127.0.0.1/-/2ms POST /v1/setDefaultAddress] nodejs.CastError: Cast to ObjectId failed for value "" at path "_id" for model "Address"
    at model.Query.exec (C:\Users\Liu\Desktop\mall\server\node_modules\_mongoose@5.9.25@mongoose\lib\query.js:4351:21)
    at model.Query.Query.then (C:\Users\Liu\Desktop\mall\server\node_modules\_mongoose@5.9.25@mongoose\lib\query.js:4443:15)
    at runMicrotasks (<anonymous>)
    at processTicksAndRejections (internal/process/task_queues.js:93:5)
messageFormat: undefined
stringValue: "\"\""
kind: "ObjectId"
value: ""
path: "_id"
reason: {}
pid: 13140
hostname: LAPTOP-I8SB88A2

2020-07-28 09:34:48,040 ERROR 13140 [-/127.0.0.1/-/2ms POST /v1/setDefaultAddress] nodejs.CastError: Cast to ObjectId failed for value "" at path "_id" for model "Address"
    at model.Query.exec (C:\Users\Liu\Desktop\mall\server\node_modules\_mongoose@5.9.25@mongoose\lib\query.js:4351:21)
    at model.Query.Query.then (C:\Users\Liu\Desktop\mall\server\node_modules\_mongoose@5.9.25@mongoose\lib\query.js:4443:15)
    at runMicrotasks (<anonymous>)
    at processTicksAndRejections (internal/process/task_queues.js:93:5)
messageFormat: undefined
stringValue: "\"\""
kind: "ObjectId"
value: ""
path: "_id"
reason: {}
pid: 13140
hostname: LAPTOP-I8SB88A2

2020-07-28 09:34:55,419 ERROR 13140 [-/127.0.0.1/-/4ms POST /v1/setDefaultAddress] nodejs.CastError: Cast to ObjectId failed for value "" at path "_id" for model "Address"
    at model.Query.exec (C:\Users\Liu\Desktop\mall\server\node_modules\_mongoose@5.9.25@mongoose\lib\query.js:4351:21)
    at model.Query.Query.then (C:\Users\Liu\Desktop\mall\server\node_modules\_mongoose@5.9.25@mongoose\lib\query.js:4443:15)
    at runMicrotasks (<anonymous>)
    at processTicksAndRejections (internal/process/task_queues.js:93:5)
messageFormat: undefined
stringValue: "\"\""
kind: "ObjectId"
value: ""
path: "_id"
reason: {}
pid: 13140
hostname: LAPTOP-I8SB88A2

2020-07-28 17:54:23,784 ERROR 18396 [-/127.0.0.1/-/24ms POST /v1/collection] nodejs.TypeError: Cannot read property 'id' of null
    at OperatingGoodsController.collection (C:\Users\Liu\Desktop\mall\server\app\controller\api\operatingGoods.js:16:24)
    at runMicrotasks (<anonymous>)
    at processTicksAndRejections (internal/process/task_queues.js:93:5)
    at async C:\Users\Liu\Desktop\mall\server\app\middleware\isLogin.js:15:13
    at async C:\Users\Liu\Desktop\mall\server\node_modules\_egg-development@2.5.0@egg-development\app\middleware\egg_loader_trace.js:9:50
    at async xframe (C:\Users\Liu\Desktop\mall\server\node_modules\_egg-security@2.8.0@egg-security\lib\middlewares\xframe.js:7:5)
    at async xssProtection (C:\Users\Liu\Desktop\mall\server\node_modules\_egg-security@2.8.0@egg-security\lib\middlewares\xssProtection.js:7:5)
    at async nosniff (C:\Users\Liu\Desktop\mall\server\node_modules\_egg-security@2.8.0@egg-security\lib\middlewares\nosniff.js:8:5)
    at async noopen (C:\Users\Liu\Desktop\mall\server\node_modules\_egg-security@2.8.0@egg-security\lib\middlewares\noopen.js:8:5)
    at async session (C:\Users\Liu\Desktop\mall\server\node_modules\_koa-session@6.0.0@koa-session\index.js:41:7)
    at async bodyParser (C:\Users\Liu\Desktop\mall\server\node_modules\_koa-bodyparser@4.3.0@koa-bodyparser\index.js:95:5)
    at async C:\Users\Liu\Desktop\mall\server\node_modules\_koa-static-cache@5.1.3@koa-static-cache\index.js:39:63
    at async notfound (C:\Users\Liu\Desktop\mall\server\node_modules\_egg@2.27.0@egg\app\middleware\notfound.js:5:5)
    at async meta (C:\Users\Liu\Desktop\mall\server\node_modules\_egg@2.27.0@egg\app\middleware\meta.js:12:5)

pid: 18396
hostname: LAPTOP-I8SB88A2

2020-07-28 17:54:24,206 ERROR 18396 [-/127.0.0.1/-/3ms POST /v1/collection] nodejs.TypeError: Cannot read property 'id' of null
    at OperatingGoodsController.collection (C:\Users\Liu\Desktop\mall\server\app\controller\api\operatingGoods.js:16:24)
    at runMicrotasks (<anonymous>)
    at processTicksAndRejections (internal/process/task_queues.js:93:5)
    at async C:\Users\Liu\Desktop\mall\server\app\middleware\isLogin.js:15:13
    at async C:\Users\Liu\Desktop\mall\server\node_modules\_egg-development@2.5.0@egg-development\app\middleware\egg_loader_trace.js:9:50
    at async xframe (C:\Users\Liu\Desktop\mall\server\node_modules\_egg-security@2.8.0@egg-security\lib\middlewares\xframe.js:7:5)
    at async xssProtection (C:\Users\Liu\Desktop\mall\server\node_modules\_egg-security@2.8.0@egg-security\lib\middlewares\xssProtection.js:7:5)
    at async nosniff (C:\Users\Liu\Desktop\mall\server\node_modules\_egg-security@2.8.0@egg-security\lib\middlewares\nosniff.js:8:5)
    at async noopen (C:\Users\Liu\Desktop\mall\server\node_modules\_egg-security@2.8.0@egg-security\lib\middlewares\noopen.js:8:5)
    at async session (C:\Users\Liu\Desktop\mall\server\node_modules\_koa-session@6.0.0@koa-session\index.js:41:7)
    at async bodyParser (C:\Users\Liu\Desktop\mall\server\node_modules\_koa-bodyparser@4.3.0@koa-bodyparser\index.js:95:5)
    at async C:\Users\Liu\Desktop\mall\server\node_modules\_koa-static-cache@5.1.3@koa-static-cache\index.js:39:63
    at async notfound (C:\Users\Liu\Desktop\mall\server\node_modules\_egg@2.27.0@egg\app\middleware\notfound.js:5:5)
    at async meta (C:\Users\Liu\Desktop\mall\server\node_modules\_egg@2.27.0@egg\app\middleware\meta.js:12:5)

pid: 18396
hostname: LAPTOP-I8SB88A2

2020-07-28 17:54:47,234 ERROR 18396 [-/127.0.0.1/-/5ms POST /v1/collection] nodejs.TypeError: Cannot read property 'id' of null
    at OperatingGoodsController.collection (C:\Users\Liu\Desktop\mall\server\app\controller\api\operatingGoods.js:16:24)
    at runMicrotasks (<anonymous>)
    at processTicksAndRejections (internal/process/task_queues.js:93:5)
    at async C:\Users\Liu\Desktop\mall\server\app\middleware\isLogin.js:15:13
    at async C:\Users\Liu\Desktop\mall\server\node_modules\_egg-development@2.5.0@egg-development\app\middleware\egg_loader_trace.js:9:50
    at async xframe (C:\Users\Liu\Desktop\mall\server\node_modules\_egg-security@2.8.0@egg-security\lib\middlewares\xframe.js:7:5)
    at async xssProtection (C:\Users\Liu\Desktop\mall\server\node_modules\_egg-security@2.8.0@egg-security\lib\middlewares\xssProtection.js:7:5)
    at async nosniff (C:\Users\Liu\Desktop\mall\server\node_modules\_egg-security@2.8.0@egg-security\lib\middlewares\nosniff.js:8:5)
    at async noopen (C:\Users\Liu\Desktop\mall\server\node_modules\_egg-security@2.8.0@egg-security\lib\middlewares\noopen.js:8:5)
    at async session (C:\Users\Liu\Desktop\mall\server\node_modules\_koa-session@6.0.0@koa-session\index.js:41:7)
    at async bodyParser (C:\Users\Liu\Desktop\mall\server\node_modules\_koa-bodyparser@4.3.0@koa-bodyparser\index.js:95:5)
    at async C:\Users\Liu\Desktop\mall\server\node_modules\_koa-static-cache@5.1.3@koa-static-cache\index.js:39:63
    at async notfound (C:\Users\Liu\Desktop\mall\server\node_modules\_egg@2.27.0@egg\app\middleware\notfound.js:5:5)
    at async meta (C:\Users\Liu\Desktop\mall\server\node_modules\_egg@2.27.0@egg\app\middleware\meta.js:12:5)

pid: 18396
hostname: LAPTOP-I8SB88A2

2020-07-28 17:56:34,733 ERROR 18396 [-/127.0.0.1/-/3ms POST /v1/collection] nodejs.TypeError: Cannot read property 'id' of null
    at OperatingGoodsController.collection (C:\Users\Liu\Desktop\mall\server\app\controller\api\operatingGoods.js:16:24)
    at runMicrotasks (<anonymous>)
    at processTicksAndRejections (internal/process/task_queues.js:93:5)
    at async C:\Users\Liu\Desktop\mall\server\app\middleware\isLogin.js:15:13
    at async C:\Users\Liu\Desktop\mall\server\node_modules\_egg-development@2.5.0@egg-development\app\middleware\egg_loader_trace.js:9:50
    at async xframe (C:\Users\Liu\Desktop\mall\server\node_modules\_egg-security@2.8.0@egg-security\lib\middlewares\xframe.js:7:5)
    at async xssProtection (C:\Users\Liu\Desktop\mall\server\node_modules\_egg-security@2.8.0@egg-security\lib\middlewares\xssProtection.js:7:5)
    at async nosniff (C:\Users\Liu\Desktop\mall\server\node_modules\_egg-security@2.8.0@egg-security\lib\middlewares\nosniff.js:8:5)
    at async noopen (C:\Users\Liu\Desktop\mall\server\node_modules\_egg-security@2.8.0@egg-security\lib\middlewares\noopen.js:8:5)
    at async session (C:\Users\Liu\Desktop\mall\server\node_modules\_koa-session@6.0.0@koa-session\index.js:41:7)
    at async bodyParser (C:\Users\Liu\Desktop\mall\server\node_modules\_koa-bodyparser@4.3.0@koa-bodyparser\index.js:95:5)
    at async C:\Users\Liu\Desktop\mall\server\node_modules\_koa-static-cache@5.1.3@koa-static-cache\index.js:39:63
    at async notfound (C:\Users\Liu\Desktop\mall\server\node_modules\_egg@2.27.0@egg\app\middleware\notfound.js:5:5)
    at async meta (C:\Users\Liu\Desktop\mall\server\node_modules\_egg@2.27.0@egg\app\middleware\meta.js:12:5)

pid: 18396
hostname: LAPTOP-I8SB88A2

2020-07-28 17:56:40,404 ERROR 18396 [-/127.0.0.1/-/3ms POST /v1/collection] nodejs.TypeError: Cannot read property 'id' of null
    at OperatingGoodsController.collection (C:\Users\Liu\Desktop\mall\server\app\controller\api\operatingGoods.js:16:24)
    at runMicrotasks (<anonymous>)
    at processTicksAndRejections (internal/process/task_queues.js:93:5)
    at async C:\Users\Liu\Desktop\mall\server\app\middleware\isLogin.js:15:13
    at async C:\Users\Liu\Desktop\mall\server\node_modules\_egg-development@2.5.0@egg-development\app\middleware\egg_loader_trace.js:9:50
    at async xframe (C:\Users\Liu\Desktop\mall\server\node_modules\_egg-security@2.8.0@egg-security\lib\middlewares\xframe.js:7:5)
    at async xssProtection (C:\Users\Liu\Desktop\mall\server\node_modules\_egg-security@2.8.0@egg-security\lib\middlewares\xssProtection.js:7:5)
    at async nosniff (C:\Users\Liu\Desktop\mall\server\node_modules\_egg-security@2.8.0@egg-security\lib\middlewares\nosniff.js:8:5)
    at async noopen (C:\Users\Liu\Desktop\mall\server\node_modules\_egg-security@2.8.0@egg-security\lib\middlewares\noopen.js:8:5)
    at async session (C:\Users\Liu\Desktop\mall\server\node_modules\_koa-session@6.0.0@koa-session\index.js:41:7)
    at async bodyParser (C:\Users\Liu\Desktop\mall\server\node_modules\_koa-bodyparser@4.3.0@koa-bodyparser\index.js:95:5)
    at async C:\Users\Liu\Desktop\mall\server\node_modules\_koa-static-cache@5.1.3@koa-static-cache\index.js:39:63
    at async notfound (C:\Users\Liu\Desktop\mall\server\node_modules\_egg@2.27.0@egg\app\middleware\notfound.js:5:5)
    at async meta (C:\Users\Liu\Desktop\mall\server\node_modules\_egg@2.27.0@egg\app\middleware\meta.js:12:5)

pid: 18396
hostname: LAPTOP-I8SB88A2

2020-07-28 17:56:41,154 ERROR 18396 [-/127.0.0.1/-/2ms POST /v1/collection] nodejs.TypeError: Cannot read property 'id' of null
    at OperatingGoodsController.collection (C:\Users\Liu\Desktop\mall\server\app\controller\api\operatingGoods.js:16:24)
    at runMicrotasks (<anonymous>)
    at processTicksAndRejections (internal/process/task_queues.js:93:5)
    at async C:\Users\Liu\Desktop\mall\server\app\middleware\isLogin.js:15:13
    at async C:\Users\Liu\Desktop\mall\server\node_modules\_egg-development@2.5.0@egg-development\app\middleware\egg_loader_trace.js:9:50
    at async xframe (C:\Users\Liu\Desktop\mall\server\node_modules\_egg-security@2.8.0@egg-security\lib\middlewares\xframe.js:7:5)
    at async xssProtection (C:\Users\Liu\Desktop\mall\server\node_modules\_egg-security@2.8.0@egg-security\lib\middlewares\xssProtection.js:7:5)
    at async nosniff (C:\Users\Liu\Desktop\mall\server\node_modules\_egg-security@2.8.0@egg-security\lib\middlewares\nosniff.js:8:5)
    at async noopen (C:\Users\Liu\Desktop\mall\server\node_modules\_egg-security@2.8.0@egg-security\lib\middlewares\noopen.js:8:5)
    at async session (C:\Users\Liu\Desktop\mall\server\node_modules\_koa-session@6.0.0@koa-session\index.js:41:7)
    at async bodyParser (C:\Users\Liu\Desktop\mall\server\node_modules\_koa-bodyparser@4.3.0@koa-bodyparser\index.js:95:5)
    at async C:\Users\Liu\Desktop\mall\server\node_modules\_koa-static-cache@5.1.3@koa-static-cache\index.js:39:63
    at async notfound (C:\Users\Liu\Desktop\mall\server\node_modules\_egg@2.27.0@egg\app\middleware\notfound.js:5:5)
    at async meta (C:\Users\Liu\Desktop\mall\server\node_modules\_egg@2.27.0@egg\app\middleware\meta.js:12:5)

pid: 18396
hostname: LAPTOP-I8SB88A2

2020-07-28 17:56:41,418 ERROR 18396 [-/127.0.0.1/-/3ms POST /v1/collection] nodejs.TypeError: Cannot read property 'id' of null
    at OperatingGoodsController.collection (C:\Users\Liu\Desktop\mall\server\app\controller\api\operatingGoods.js:16:24)
    at runMicrotasks (<anonymous>)
    at processTicksAndRejections (internal/process/task_queues.js:93:5)
    at async C:\Users\Liu\Desktop\mall\server\app\middleware\isLogin.js:15:13
    at async C:\Users\Liu\Desktop\mall\server\node_modules\_egg-development@2.5.0@egg-development\app\middleware\egg_loader_trace.js:9:50
    at async xframe (C:\Users\Liu\Desktop\mall\server\node_modules\_egg-security@2.8.0@egg-security\lib\middlewares\xframe.js:7:5)
    at async xssProtection (C:\Users\Liu\Desktop\mall\server\node_modules\_egg-security@2.8.0@egg-security\lib\middlewares\xssProtection.js:7:5)
    at async nosniff (C:\Users\Liu\Desktop\mall\server\node_modules\_egg-security@2.8.0@egg-security\lib\middlewares\nosniff.js:8:5)
    at async noopen (C:\Users\Liu\Desktop\mall\server\node_modules\_egg-security@2.8.0@egg-security\lib\middlewares\noopen.js:8:5)
    at async session (C:\Users\Liu\Desktop\mall\server\node_modules\_koa-session@6.0.0@koa-session\index.js:41:7)
    at async bodyParser (C:\Users\Liu\Desktop\mall\server\node_modules\_koa-bodyparser@4.3.0@koa-bodyparser\index.js:95:5)
    at async C:\Users\Liu\Desktop\mall\server\node_modules\_koa-static-cache@5.1.3@koa-static-cache\index.js:39:63
    at async notfound (C:\Users\Liu\Desktop\mall\server\node_modules\_egg@2.27.0@egg\app\middleware\notfound.js:5:5)
    at async meta (C:\Users\Liu\Desktop\mall\server\node_modules\_egg@2.27.0@egg\app\middleware\meta.js:12:5)

pid: 18396
hostname: LAPTOP-I8SB88A2

2020-07-28 17:56:42,569 ERROR 18396 [-/127.0.0.1/-/2ms POST /v1/collection] nodejs.TypeError: Cannot read property 'id' of null
    at OperatingGoodsController.collection (C:\Users\Liu\Desktop\mall\server\app\controller\api\operatingGoods.js:16:24)
    at runMicrotasks (<anonymous>)
    at processTicksAndRejections (internal/process/task_queues.js:93:5)
    at async C:\Users\Liu\Desktop\mall\server\app\middleware\isLogin.js:15:13
    at async C:\Users\Liu\Desktop\mall\server\node_modules\_egg-development@2.5.0@egg-development\app\middleware\egg_loader_trace.js:9:50
    at async xframe (C:\Users\Liu\Desktop\mall\server\node_modules\_egg-security@2.8.0@egg-security\lib\middlewares\xframe.js:7:5)
    at async xssProtection (C:\Users\Liu\Desktop\mall\server\node_modules\_egg-security@2.8.0@egg-security\lib\middlewares\xssProtection.js:7:5)
    at async nosniff (C:\Users\Liu\Desktop\mall\server\node_modules\_egg-security@2.8.0@egg-security\lib\middlewares\nosniff.js:8:5)
    at async noopen (C:\Users\Liu\Desktop\mall\server\node_modules\_egg-security@2.8.0@egg-security\lib\middlewares\noopen.js:8:5)
    at async session (C:\Users\Liu\Desktop\mall\server\node_modules\_koa-session@6.0.0@koa-session\index.js:41:7)
    at async bodyParser (C:\Users\Liu\Desktop\mall\server\node_modules\_koa-bodyparser@4.3.0@koa-bodyparser\index.js:95:5)
    at async C:\Users\Liu\Desktop\mall\server\node_modules\_koa-static-cache@5.1.3@koa-static-cache\index.js:39:63
    at async notfound (C:\Users\Liu\Desktop\mall\server\node_modules\_egg@2.27.0@egg\app\middleware\notfound.js:5:5)
    at async meta (C:\Users\Liu\Desktop\mall\server\node_modules\_egg@2.27.0@egg\app\middleware\meta.js:12:5)

pid: 18396
hostname: LAPTOP-I8SB88A2

2020-07-28 17:56:44,060 ERROR 18396 [-/127.0.0.1/-/6ms POST /v1/collection] nodejs.TypeError: Cannot read property 'id' of null
    at OperatingGoodsController.collection (C:\Users\Liu\Desktop\mall\server\app\controller\api\operatingGoods.js:16:24)
    at runMicrotasks (<anonymous>)
    at processTicksAndRejections (internal/process/task_queues.js:93:5)
    at async C:\Users\Liu\Desktop\mall\server\app\middleware\isLogin.js:15:13
    at async C:\Users\Liu\Desktop\mall\server\node_modules\_egg-development@2.5.0@egg-development\app\middleware\egg_loader_trace.js:9:50
    at async xframe (C:\Users\Liu\Desktop\mall\server\node_modules\_egg-security@2.8.0@egg-security\lib\middlewares\xframe.js:7:5)
    at async xssProtection (C:\Users\Liu\Desktop\mall\server\node_modules\_egg-security@2.8.0@egg-security\lib\middlewares\xssProtection.js:7:5)
    at async nosniff (C:\Users\Liu\Desktop\mall\server\node_modules\_egg-security@2.8.0@egg-security\lib\middlewares\nosniff.js:8:5)
    at async noopen (C:\Users\Liu\Desktop\mall\server\node_modules\_egg-security@2.8.0@egg-security\lib\middlewares\noopen.js:8:5)
    at async session (C:\Users\Liu\Desktop\mall\server\node_modules\_koa-session@6.0.0@koa-session\index.js:41:7)
    at async bodyParser (C:\Users\Liu\Desktop\mall\server\node_modules\_koa-bodyparser@4.3.0@koa-bodyparser\index.js:95:5)
    at async C:\Users\Liu\Desktop\mall\server\node_modules\_koa-static-cache@5.1.3@koa-static-cache\index.js:39:63
    at async notfound (C:\Users\Liu\Desktop\mall\server\node_modules\_egg@2.27.0@egg\app\middleware\notfound.js:5:5)
    at async meta (C:\Users\Liu\Desktop\mall\server\node_modules\_egg@2.27.0@egg\app\middleware\meta.js:12:5)

pid: 18396
hostname: LAPTOP-I8SB88A2

2020-07-28 18:02:26,491 ERROR 18396 [-/127.0.0.1/-/4ms POST /v1/collection] nodejs.TypeError: Cannot read property 'id' of null
    at OperatingGoodsController.collection (C:\Users\Liu\Desktop\mall\server\app\controller\api\operatingGoods.js:16:24)
    at runMicrotasks (<anonymous>)
    at processTicksAndRejections (internal/process/task_queues.js:93:5)
    at async C:\Users\Liu\Desktop\mall\server\app\middleware\isLogin.js:15:13
    at async C:\Users\Liu\Desktop\mall\server\node_modules\_egg-development@2.5.0@egg-development\app\middleware\egg_loader_trace.js:9:50
    at async xframe (C:\Users\Liu\Desktop\mall\server\node_modules\_egg-security@2.8.0@egg-security\lib\middlewares\xframe.js:7:5)
    at async xssProtection (C:\Users\Liu\Desktop\mall\server\node_modules\_egg-security@2.8.0@egg-security\lib\middlewares\xssProtection.js:7:5)
    at async nosniff (C:\Users\Liu\Desktop\mall\server\node_modules\_egg-security@2.8.0@egg-security\lib\middlewares\nosniff.js:8:5)
    at async noopen (C:\Users\Liu\Desktop\mall\server\node_modules\_egg-security@2.8.0@egg-security\lib\middlewares\noopen.js:8:5)
    at async session (C:\Users\Liu\Desktop\mall\server\node_modules\_koa-session@6.0.0@koa-session\index.js:41:7)
    at async bodyParser (C:\Users\Liu\Desktop\mall\server\node_modules\_koa-bodyparser@4.3.0@koa-bodyparser\index.js:95:5)
    at async C:\Users\Liu\Desktop\mall\server\node_modules\_koa-static-cache@5.1.3@koa-static-cache\index.js:39:63
    at async notfound (C:\Users\Liu\Desktop\mall\server\node_modules\_egg@2.27.0@egg\app\middleware\notfound.js:5:5)
    at async meta (C:\Users\Liu\Desktop\mall\server\node_modules\_egg@2.27.0@egg\app\middleware\meta.js:12:5)

pid: 18396
hostname: LAPTOP-I8SB88A2

2020-07-28 18:05:11,219 ERROR 18396 [-/127.0.0.1/-/2ms POST /v1/collection] nodejs.TypeError: Cannot read property 'id' of null
    at OperatingGoodsController.collection (C:\Users\Liu\Desktop\mall\server\app\controller\api\operatingGoods.js:16:24)
    at runMicrotasks (<anonymous>)
    at processTicksAndRejections (internal/process/task_queues.js:93:5)
    at async C:\Users\Liu\Desktop\mall\server\app\middleware\isLogin.js:15:13
    at async C:\Users\Liu\Desktop\mall\server\node_modules\_egg-development@2.5.0@egg-development\app\middleware\egg_loader_trace.js:9:50
    at async xframe (C:\Users\Liu\Desktop\mall\server\node_modules\_egg-security@2.8.0@egg-security\lib\middlewares\xframe.js:7:5)
    at async xssProtection (C:\Users\Liu\Desktop\mall\server\node_modules\_egg-security@2.8.0@egg-security\lib\middlewares\xssProtection.js:7:5)
    at async nosniff (C:\Users\Liu\Desktop\mall\server\node_modules\_egg-security@2.8.0@egg-security\lib\middlewares\nosniff.js:8:5)
    at async noopen (C:\Users\Liu\Desktop\mall\server\node_modules\_egg-security@2.8.0@egg-security\lib\middlewares\noopen.js:8:5)
    at async session (C:\Users\Liu\Desktop\mall\server\node_modules\_koa-session@6.0.0@koa-session\index.js:41:7)
    at async bodyParser (C:\Users\Liu\Desktop\mall\server\node_modules\_koa-bodyparser@4.3.0@koa-bodyparser\index.js:95:5)
    at async C:\Users\Liu\Desktop\mall\server\node_modules\_koa-static-cache@5.1.3@koa-static-cache\index.js:39:63
    at async notfound (C:\Users\Liu\Desktop\mall\server\node_modules\_egg@2.27.0@egg\app\middleware\notfound.js:5:5)
    at async meta (C:\Users\Liu\Desktop\mall\server\node_modules\_egg@2.27.0@egg\app\middleware\meta.js:12:5)

pid: 18396
hostname: LAPTOP-I8SB88A2

2020-07-28 18:05:13,595 ERROR 18396 [-/127.0.0.1/-/3ms POST /v1/collection] nodejs.TypeError: Cannot read property 'id' of null
    at OperatingGoodsController.collection (C:\Users\Liu\Desktop\mall\server\app\controller\api\operatingGoods.js:16:24)
    at runMicrotasks (<anonymous>)
    at processTicksAndRejections (internal/process/task_queues.js:93:5)
    at async C:\Users\Liu\Desktop\mall\server\app\middleware\isLogin.js:15:13
    at async C:\Users\Liu\Desktop\mall\server\node_modules\_egg-development@2.5.0@egg-development\app\middleware\egg_loader_trace.js:9:50
    at async xframe (C:\Users\Liu\Desktop\mall\server\node_modules\_egg-security@2.8.0@egg-security\lib\middlewares\xframe.js:7:5)
    at async xssProtection (C:\Users\Liu\Desktop\mall\server\node_modules\_egg-security@2.8.0@egg-security\lib\middlewares\xssProtection.js:7:5)
    at async nosniff (C:\Users\Liu\Desktop\mall\server\node_modules\_egg-security@2.8.0@egg-security\lib\middlewares\nosniff.js:8:5)
    at async noopen (C:\Users\Liu\Desktop\mall\server\node_modules\_egg-security@2.8.0@egg-security\lib\middlewares\noopen.js:8:5)
    at async session (C:\Users\Liu\Desktop\mall\server\node_modules\_koa-session@6.0.0@koa-session\index.js:41:7)
    at async bodyParser (C:\Users\Liu\Desktop\mall\server\node_modules\_koa-bodyparser@4.3.0@koa-bodyparser\index.js:95:5)
    at async C:\Users\Liu\Desktop\mall\server\node_modules\_koa-static-cache@5.1.3@koa-static-cache\index.js:39:63
    at async notfound (C:\Users\Liu\Desktop\mall\server\node_modules\_egg@2.27.0@egg\app\middleware\notfound.js:5:5)
    at async meta (C:\Users\Liu\Desktop\mall\server\node_modules\_egg@2.27.0@egg\app\middleware\meta.js:12:5)

pid: 18396
hostname: LAPTOP-I8SB88A2

2020-07-28 18:08:28,067 ERROR 18396 [-/127.0.0.1/-/28ms POST /v1/collection] nodejs.TypeError: Cannot read property 'id' of null
    at OperatingGoodsController.collection (C:\Users\Liu\Desktop\mall\server\app\controller\api\operatingGoods.js:16:24)
    at runMicrotasks (<anonymous>)
    at processTicksAndRejections (internal/process/task_queues.js:93:5)
    at async C:\Users\Liu\Desktop\mall\server\app\middleware\isLogin.js:15:13
    at async C:\Users\Liu\Desktop\mall\server\node_modules\_egg-development@2.5.0@egg-development\app\middleware\egg_loader_trace.js:9:50
    at async xframe (C:\Users\Liu\Desktop\mall\server\node_modules\_egg-security@2.8.0@egg-security\lib\middlewares\xframe.js:7:5)
    at async xssProtection (C:\Users\Liu\Desktop\mall\server\node_modules\_egg-security@2.8.0@egg-security\lib\middlewares\xssProtection.js:7:5)
    at async nosniff (C:\Users\Liu\Desktop\mall\server\node_modules\_egg-security@2.8.0@egg-security\lib\middlewares\nosniff.js:8:5)
    at async noopen (C:\Users\Liu\Desktop\mall\server\node_modules\_egg-security@2.8.0@egg-security\lib\middlewares\noopen.js:8:5)
    at async session (C:\Users\Liu\Desktop\mall\server\node_modules\_koa-session@6.0.0@koa-session\index.js:41:7)
    at async bodyParser (C:\Users\Liu\Desktop\mall\server\node_modules\_koa-bodyparser@4.3.0@koa-bodyparser\index.js:95:5)
    at async C:\Users\Liu\Desktop\mall\server\node_modules\_koa-static-cache@5.1.3@koa-static-cache\index.js:39:63
    at async notfound (C:\Users\Liu\Desktop\mall\server\node_modules\_egg@2.27.0@egg\app\middleware\notfound.js:5:5)
    at async meta (C:\Users\Liu\Desktop\mall\server\node_modules\_egg@2.27.0@egg\app\middleware\meta.js:12:5)

pid: 18396
hostname: LAPTOP-I8SB88A2

2020-07-28 18:08:33,301 ERROR 18396 [-/127.0.0.1/-/3ms POST /v1/collection] nodejs.TypeError: Cannot read property 'id' of null
    at OperatingGoodsController.collection (C:\Users\Liu\Desktop\mall\server\app\controller\api\operatingGoods.js:16:24)
    at runMicrotasks (<anonymous>)
    at processTicksAndRejections (internal/process/task_queues.js:93:5)
    at async C:\Users\Liu\Desktop\mall\server\app\middleware\isLogin.js:15:13
    at async C:\Users\Liu\Desktop\mall\server\node_modules\_egg-development@2.5.0@egg-development\app\middleware\egg_loader_trace.js:9:50
    at async xframe (C:\Users\Liu\Desktop\mall\server\node_modules\_egg-security@2.8.0@egg-security\lib\middlewares\xframe.js:7:5)
    at async xssProtection (C:\Users\Liu\Desktop\mall\server\node_modules\_egg-security@2.8.0@egg-security\lib\middlewares\xssProtection.js:7:5)
    at async nosniff (C:\Users\Liu\Desktop\mall\server\node_modules\_egg-security@2.8.0@egg-security\lib\middlewares\nosniff.js:8:5)
    at async noopen (C:\Users\Liu\Desktop\mall\server\node_modules\_egg-security@2.8.0@egg-security\lib\middlewares\noopen.js:8:5)
    at async session (C:\Users\Liu\Desktop\mall\server\node_modules\_koa-session@6.0.0@koa-session\index.js:41:7)
    at async bodyParser (C:\Users\Liu\Desktop\mall\server\node_modules\_koa-bodyparser@4.3.0@koa-bodyparser\index.js:95:5)
    at async C:\Users\Liu\Desktop\mall\server\node_modules\_koa-static-cache@5.1.3@koa-static-cache\index.js:39:63
    at async notfound (C:\Users\Liu\Desktop\mall\server\node_modules\_egg@2.27.0@egg\app\middleware\notfound.js:5:5)
    at async meta (C:\Users\Liu\Desktop\mall\server\node_modules\_egg@2.27.0@egg\app\middleware\meta.js:12:5)

pid: 18396
hostname: LAPTOP-I8SB88A2

2020-07-28 18:08:36,148 ERROR 18396 [-/127.0.0.1/-/8ms POST /v1/collection] nodejs.TypeError: Cannot read property 'id' of null
    at OperatingGoodsController.collection (C:\Users\Liu\Desktop\mall\server\app\controller\api\operatingGoods.js:16:24)
    at runMicrotasks (<anonymous>)
    at processTicksAndRejections (internal/process/task_queues.js:93:5)
    at async C:\Users\Liu\Desktop\mall\server\app\middleware\isLogin.js:15:13
    at async C:\Users\Liu\Desktop\mall\server\node_modules\_egg-development@2.5.0@egg-development\app\middleware\egg_loader_trace.js:9:50
    at async xframe (C:\Users\Liu\Desktop\mall\server\node_modules\_egg-security@2.8.0@egg-security\lib\middlewares\xframe.js:7:5)
    at async xssProtection (C:\Users\Liu\Desktop\mall\server\node_modules\_egg-security@2.8.0@egg-security\lib\middlewares\xssProtection.js:7:5)
    at async nosniff (C:\Users\Liu\Desktop\mall\server\node_modules\_egg-security@2.8.0@egg-security\lib\middlewares\nosniff.js:8:5)
    at async noopen (C:\Users\Liu\Desktop\mall\server\node_modules\_egg-security@2.8.0@egg-security\lib\middlewares\noopen.js:8:5)
    at async session (C:\Users\Liu\Desktop\mall\server\node_modules\_koa-session@6.0.0@koa-session\index.js:41:7)
    at async bodyParser (C:\Users\Liu\Desktop\mall\server\node_modules\_koa-bodyparser@4.3.0@koa-bodyparser\index.js:95:5)
    at async C:\Users\Liu\Desktop\mall\server\node_modules\_koa-static-cache@5.1.3@koa-static-cache\index.js:39:63
    at async notfound (C:\Users\Liu\Desktop\mall\server\node_modules\_egg@2.27.0@egg\app\middleware\notfound.js:5:5)
    at async meta (C:\Users\Liu\Desktop\mall\server\node_modules\_egg@2.27.0@egg\app\middleware\meta.js:12:5)

pid: 18396
hostname: LAPTOP-I8SB88A2

2020-07-28 18:09:48,925 ERROR 18396 [-/127.0.0.1/-/6ms POST /v1/collection] nodejs.TypeError: Cannot read property 'id' of null
    at OperatingGoodsController.collection (C:\Users\Liu\Desktop\mall\server\app\controller\api\operatingGoods.js:16:24)
    at runMicrotasks (<anonymous>)
    at processTicksAndRejections (internal/process/task_queues.js:93:5)
    at async C:\Users\Liu\Desktop\mall\server\app\middleware\isLogin.js:15:13
    at async C:\Users\Liu\Desktop\mall\server\node_modules\_egg-development@2.5.0@egg-development\app\middleware\egg_loader_trace.js:9:50
    at async xframe (C:\Users\Liu\Desktop\mall\server\node_modules\_egg-security@2.8.0@egg-security\lib\middlewares\xframe.js:7:5)
    at async xssProtection (C:\Users\Liu\Desktop\mall\server\node_modules\_egg-security@2.8.0@egg-security\lib\middlewares\xssProtection.js:7:5)
    at async nosniff (C:\Users\Liu\Desktop\mall\server\node_modules\_egg-security@2.8.0@egg-security\lib\middlewares\nosniff.js:8:5)
    at async noopen (C:\Users\Liu\Desktop\mall\server\node_modules\_egg-security@2.8.0@egg-security\lib\middlewares\noopen.js:8:5)
    at async session (C:\Users\Liu\Desktop\mall\server\node_modules\_koa-session@6.0.0@koa-session\index.js:41:7)
    at async bodyParser (C:\Users\Liu\Desktop\mall\server\node_modules\_koa-bodyparser@4.3.0@koa-bodyparser\index.js:95:5)
    at async C:\Users\Liu\Desktop\mall\server\node_modules\_koa-static-cache@5.1.3@koa-static-cache\index.js:39:63
    at async notfound (C:\Users\Liu\Desktop\mall\server\node_modules\_egg@2.27.0@egg\app\middleware\notfound.js:5:5)
    at async meta (C:\Users\Liu\Desktop\mall\server\node_modules\_egg@2.27.0@egg\app\middleware\meta.js:12:5)

pid: 18396
hostname: LAPTOP-I8SB88A2

2020-07-28 18:12:29,164 ERROR 18396 [-/127.0.0.1/-/10ms POST /v1/collection] nodejs.TypeError: Cannot read property 'id' of null
    at OperatingGoodsController.collection (C:\Users\Liu\Desktop\mall\server\app\controller\api\operatingGoods.js:16:24)
    at runMicrotasks (<anonymous>)
    at processTicksAndRejections (internal/process/task_queues.js:93:5)
    at async C:\Users\Liu\Desktop\mall\server\app\middleware\isLogin.js:15:13
    at async C:\Users\Liu\Desktop\mall\server\node_modules\_egg-development@2.5.0@egg-development\app\middleware\egg_loader_trace.js:9:50
    at async xframe (C:\Users\Liu\Desktop\mall\server\node_modules\_egg-security@2.8.0@egg-security\lib\middlewares\xframe.js:7:5)
    at async xssProtection (C:\Users\Liu\Desktop\mall\server\node_modules\_egg-security@2.8.0@egg-security\lib\middlewares\xssProtection.js:7:5)
    at async nosniff (C:\Users\Liu\Desktop\mall\server\node_modules\_egg-security@2.8.0@egg-security\lib\middlewares\nosniff.js:8:5)
    at async noopen (C:\Users\Liu\Desktop\mall\server\node_modules\_egg-security@2.8.0@egg-security\lib\middlewares\noopen.js:8:5)
    at async session (C:\Users\Liu\Desktop\mall\server\node_modules\_koa-session@6.0.0@koa-session\index.js:41:7)
    at async bodyParser (C:\Users\Liu\Desktop\mall\server\node_modules\_koa-bodyparser@4.3.0@koa-bodyparser\index.js:95:5)
    at async C:\Users\Liu\Desktop\mall\server\node_modules\_koa-static-cache@5.1.3@koa-static-cache\index.js:39:63
    at async notfound (C:\Users\Liu\Desktop\mall\server\node_modules\_egg@2.27.0@egg\app\middleware\notfound.js:5:5)
    at async meta (C:\Users\Liu\Desktop\mall\server\node_modules\_egg@2.27.0@egg\app\middleware\meta.js:12:5)

pid: 18396
hostname: LAPTOP-I8SB88A2

2020-07-28 18:12:31,585 ERROR 18396 [-/127.0.0.1/-/3ms POST /v1/collection] nodejs.TypeError: Cannot read property 'id' of null
    at OperatingGoodsController.collection (C:\Users\Liu\Desktop\mall\server\app\controller\api\operatingGoods.js:16:24)
    at runMicrotasks (<anonymous>)
    at processTicksAndRejections (internal/process/task_queues.js:93:5)
    at async C:\Users\Liu\Desktop\mall\server\app\middleware\isLogin.js:15:13
    at async C:\Users\Liu\Desktop\mall\server\node_modules\_egg-development@2.5.0@egg-development\app\middleware\egg_loader_trace.js:9:50
    at async xframe (C:\Users\Liu\Desktop\mall\server\node_modules\_egg-security@2.8.0@egg-security\lib\middlewares\xframe.js:7:5)
    at async xssProtection (C:\Users\Liu\Desktop\mall\server\node_modules\_egg-security@2.8.0@egg-security\lib\middlewares\xssProtection.js:7:5)
    at async nosniff (C:\Users\Liu\Desktop\mall\server\node_modules\_egg-security@2.8.0@egg-security\lib\middlewares\nosniff.js:8:5)
    at async noopen (C:\Users\Liu\Desktop\mall\server\node_modules\_egg-security@2.8.0@egg-security\lib\middlewares\noopen.js:8:5)
    at async session (C:\Users\Liu\Desktop\mall\server\node_modules\_koa-session@6.0.0@koa-session\index.js:41:7)
    at async bodyParser (C:\Users\Liu\Desktop\mall\server\node_modules\_koa-bodyparser@4.3.0@koa-bodyparser\index.js:95:5)
    at async C:\Users\Liu\Desktop\mall\server\node_modules\_koa-static-cache@5.1.3@koa-static-cache\index.js:39:63
    at async notfound (C:\Users\Liu\Desktop\mall\server\node_modules\_egg@2.27.0@egg\app\middleware\notfound.js:5:5)
    at async meta (C:\Users\Liu\Desktop\mall\server\node_modules\_egg@2.27.0@egg\app\middleware\meta.js:12:5)

pid: 18396
hostname: LAPTOP-I8SB88A2

2020-07-28 18:12:35,754 ERROR 18396 [-/127.0.0.1/-/2ms POST /v1/collection] nodejs.TypeError: Cannot read property 'id' of null
    at OperatingGoodsController.collection (C:\Users\Liu\Desktop\mall\server\app\controller\api\operatingGoods.js:16:24)
    at runMicrotasks (<anonymous>)
    at processTicksAndRejections (internal/process/task_queues.js:93:5)
    at async C:\Users\Liu\Desktop\mall\server\app\middleware\isLogin.js:15:13
    at async C:\Users\Liu\Desktop\mall\server\node_modules\_egg-development@2.5.0@egg-development\app\middleware\egg_loader_trace.js:9:50
    at async xframe (C:\Users\Liu\Desktop\mall\server\node_modules\_egg-security@2.8.0@egg-security\lib\middlewares\xframe.js:7:5)
    at async xssProtection (C:\Users\Liu\Desktop\mall\server\node_modules\_egg-security@2.8.0@egg-security\lib\middlewares\xssProtection.js:7:5)
    at async nosniff (C:\Users\Liu\Desktop\mall\server\node_modules\_egg-security@2.8.0@egg-security\lib\middlewares\nosniff.js:8:5)
    at async noopen (C:\Users\Liu\Desktop\mall\server\node_modules\_egg-security@2.8.0@egg-security\lib\middlewares\noopen.js:8:5)
    at async session (C:\Users\Liu\Desktop\mall\server\node_modules\_koa-session@6.0.0@koa-session\index.js:41:7)
    at async bodyParser (C:\Users\Liu\Desktop\mall\server\node_modules\_koa-bodyparser@4.3.0@koa-bodyparser\index.js:95:5)
    at async C:\Users\Liu\Desktop\mall\server\node_modules\_koa-static-cache@5.1.3@koa-static-cache\index.js:39:63
    at async notfound (C:\Users\Liu\Desktop\mall\server\node_modules\_egg@2.27.0@egg\app\middleware\notfound.js:5:5)
    at async meta (C:\Users\Liu\Desktop\mall\server\node_modules\_egg@2.27.0@egg\app\middleware\meta.js:12:5)

pid: 18396
hostname: LAPTOP-I8SB88A2

2020-07-28 18:12:37,134 ERROR 18396 [-/127.0.0.1/-/3ms POST /v1/collection] nodejs.TypeError: Cannot read property 'id' of null
    at OperatingGoodsController.collection (C:\Users\Liu\Desktop\mall\server\app\controller\api\operatingGoods.js:16:24)
    at runMicrotasks (<anonymous>)
    at processTicksAndRejections (internal/process/task_queues.js:93:5)
    at async C:\Users\Liu\Desktop\mall\server\app\middleware\isLogin.js:15:13
    at async C:\Users\Liu\Desktop\mall\server\node_modules\_egg-development@2.5.0@egg-development\app\middleware\egg_loader_trace.js:9:50
    at async xframe (C:\Users\Liu\Desktop\mall\server\node_modules\_egg-security@2.8.0@egg-security\lib\middlewares\xframe.js:7:5)
    at async xssProtection (C:\Users\Liu\Desktop\mall\server\node_modules\_egg-security@2.8.0@egg-security\lib\middlewares\xssProtection.js:7:5)
    at async nosniff (C:\Users\Liu\Desktop\mall\server\node_modules\_egg-security@2.8.0@egg-security\lib\middlewares\nosniff.js:8:5)
    at async noopen (C:\Users\Liu\Desktop\mall\server\node_modules\_egg-security@2.8.0@egg-security\lib\middlewares\noopen.js:8:5)
    at async session (C:\Users\Liu\Desktop\mall\server\node_modules\_koa-session@6.0.0@koa-session\index.js:41:7)
    at async bodyParser (C:\Users\Liu\Desktop\mall\server\node_modules\_koa-bodyparser@4.3.0@koa-bodyparser\index.js:95:5)
    at async C:\Users\Liu\Desktop\mall\server\node_modules\_koa-static-cache@5.1.3@koa-static-cache\index.js:39:63
    at async notfound (C:\Users\Liu\Desktop\mall\server\node_modules\_egg@2.27.0@egg\app\middleware\notfound.js:5:5)
    at async meta (C:\Users\Liu\Desktop\mall\server\node_modules\_egg@2.27.0@egg\app\middleware\meta.js:12:5)

pid: 18396
hostname: LAPTOP-I8SB88A2

2020-07-29 08:53:01,060 ERROR 18388 [-/127.0.0.1/-/2ms POST /v1/order] nodejs.TypeError: Cannot read property 'length' of undefined
    at OperatingGoodsController.order (C:\Users\Liu\Desktop\mall\server\app\controller\api\operatingGoods.js:178:42)
    at Object.callFn (C:\Users\Liu\Desktop\mall\server\node_modules\_egg-core@4.17.4@egg-core\lib\utils\index.js:44:21)
    at Object.classControllerMiddleware (C:\Users\Liu\Desktop\mall\server\node_modules\_egg-core@4.17.4@egg-core\lib\loader\mixin\controller.js:87:20)
    at Object.callFn (C:\Users\Liu\Desktop\mall\server\node_modules\_@eggjs_router@2.0.0@@eggjs\router\lib\utils.js:12:21)
    at wrappedController (C:\Users\Liu\Desktop\mall\server\node_modules\_@eggjs_router@2.0.0@@eggjs\router\lib\egg_router.js:322:18)
    at dispatch (C:\Users\Liu\Desktop\mall\server\node_modules\_koa-compose@3.2.1@koa-compose\index.js:44:32)
    at next (C:\Users\Liu\Desktop\mall\server\node_modules\_koa-compose@3.2.1@koa-compose\index.js:45:18)
    at C:\Users\Liu\Desktop\mall\server\node_modules\_@eggjs_router@2.0.0@@eggjs\router\lib\router.js:190:18
    at dispatch (C:\Users\Liu\Desktop\mall\server\node_modules\_koa-compose@3.2.1@koa-compose\index.js:44:32)
    at C:\Users\Liu\Desktop\mall\server\node_modules\_koa-compose@3.2.1@koa-compose\index.js:36:12
    at dispatch (C:\Users\Liu\Desktop\mall\server\node_modules\_@eggjs_router@2.0.0@@eggjs\router\lib\router.js:195:33)
    at dispatch (C:\Users\Liu\Desktop\mall\server\node_modules\_koa-compose@4.1.0@koa-compose\index.js:42:32)
    at C:\Users\Liu\Desktop\mall\server\app\middleware\isLogin.js:15:19
    at dispatch (C:\Users\Liu\Desktop\mall\server\node_modules\_koa-compose@4.1.0@koa-compose\index.js:42:32)
    at C:\Users\Liu\Desktop\mall\server\node_modules\_egg-development@2.5.0@egg-development\app\middleware\egg_loader_trace.js:9:56
    at dispatch (C:\Users\Liu\Desktop\mall\server\node_modules\_koa-compose@4.1.0@koa-compose\index.js:42:32)

pid: 18388
hostname: LAPTOP-I8SB88A2

2020-07-29 08:54:06,981 ERROR 18388 [-/127.0.0.1/-/2ms POST /v1/order] nodejs.TypeError: Cannot read property 'length' of undefined
    at OperatingGoodsController.order (C:\Users\Liu\Desktop\mall\server\app\controller\api\operatingGoods.js:178:42)
    at Object.callFn (C:\Users\Liu\Desktop\mall\server\node_modules\_egg-core@4.17.4@egg-core\lib\utils\index.js:44:21)
    at Object.classControllerMiddleware (C:\Users\Liu\Desktop\mall\server\node_modules\_egg-core@4.17.4@egg-core\lib\loader\mixin\controller.js:87:20)
    at Object.callFn (C:\Users\Liu\Desktop\mall\server\node_modules\_@eggjs_router@2.0.0@@eggjs\router\lib\utils.js:12:21)
    at wrappedController (C:\Users\Liu\Desktop\mall\server\node_modules\_@eggjs_router@2.0.0@@eggjs\router\lib\egg_router.js:322:18)
    at dispatch (C:\Users\Liu\Desktop\mall\server\node_modules\_koa-compose@3.2.1@koa-compose\index.js:44:32)
    at next (C:\Users\Liu\Desktop\mall\server\node_modules\_koa-compose@3.2.1@koa-compose\index.js:45:18)
    at C:\Users\Liu\Desktop\mall\server\node_modules\_@eggjs_router@2.0.0@@eggjs\router\lib\router.js:190:18
    at dispatch (C:\Users\Liu\Desktop\mall\server\node_modules\_koa-compose@3.2.1@koa-compose\index.js:44:32)
    at C:\Users\Liu\Desktop\mall\server\node_modules\_koa-compose@3.2.1@koa-compose\index.js:36:12
    at dispatch (C:\Users\Liu\Desktop\mall\server\node_modules\_@eggjs_router@2.0.0@@eggjs\router\lib\router.js:195:33)
    at dispatch (C:\Users\Liu\Desktop\mall\server\node_modules\_koa-compose@4.1.0@koa-compose\index.js:42:32)
    at C:\Users\Liu\Desktop\mall\server\app\middleware\isLogin.js:15:19
    at dispatch (C:\Users\Liu\Desktop\mall\server\node_modules\_koa-compose@4.1.0@koa-compose\index.js:42:32)
    at C:\Users\Liu\Desktop\mall\server\node_modules\_egg-development@2.5.0@egg-development\app\middleware\egg_loader_trace.js:9:56
    at dispatch (C:\Users\Liu\Desktop\mall\server\node_modules\_koa-compose@4.1.0@koa-compose\index.js:42:32)

pid: 18388
hostname: LAPTOP-I8SB88A2

2020-07-29 08:56:29,199 ERROR 18388 [-/127.0.0.1/-/1ms POST /v1/order] nodejs.TypeError: Cannot read property 'length' of undefined
    at OperatingGoodsController.order (C:\Users\Liu\Desktop\mall\server\app\controller\api\operatingGoods.js:178:42)
    at Object.callFn (C:\Users\Liu\Desktop\mall\server\node_modules\_egg-core@4.17.4@egg-core\lib\utils\index.js:44:21)
    at Object.classControllerMiddleware (C:\Users\Liu\Desktop\mall\server\node_modules\_egg-core@4.17.4@egg-core\lib\loader\mixin\controller.js:87:20)
    at Object.callFn (C:\Users\Liu\Desktop\mall\server\node_modules\_@eggjs_router@2.0.0@@eggjs\router\lib\utils.js:12:21)
    at wrappedController (C:\Users\Liu\Desktop\mall\server\node_modules\_@eggjs_router@2.0.0@@eggjs\router\lib\egg_router.js:322:18)
    at dispatch (C:\Users\Liu\Desktop\mall\server\node_modules\_koa-compose@3.2.1@koa-compose\index.js:44:32)
    at next (C:\Users\Liu\Desktop\mall\server\node_modules\_koa-compose@3.2.1@koa-compose\index.js:45:18)
    at C:\Users\Liu\Desktop\mall\server\node_modules\_@eggjs_router@2.0.0@@eggjs\router\lib\router.js:190:18
    at dispatch (C:\Users\Liu\Desktop\mall\server\node_modules\_koa-compose@3.2.1@koa-compose\index.js:44:32)
    at C:\Users\Liu\Desktop\mall\server\node_modules\_koa-compose@3.2.1@koa-compose\index.js:36:12
    at dispatch (C:\Users\Liu\Desktop\mall\server\node_modules\_@eggjs_router@2.0.0@@eggjs\router\lib\router.js:195:33)
    at dispatch (C:\Users\Liu\Desktop\mall\server\node_modules\_koa-compose@4.1.0@koa-compose\index.js:42:32)
    at C:\Users\Liu\Desktop\mall\server\app\middleware\isLogin.js:15:19
    at dispatch (C:\Users\Liu\Desktop\mall\server\node_modules\_koa-compose@4.1.0@koa-compose\index.js:42:32)
    at C:\Users\Liu\Desktop\mall\server\node_modules\_egg-development@2.5.0@egg-development\app\middleware\egg_loader_trace.js:9:56
    at dispatch (C:\Users\Liu\Desktop\mall\server\node_modules\_koa-compose@4.1.0@koa-compose\index.js:42:32)

pid: 18388
hostname: LAPTOP-I8SB88A2

2020-07-29 09:10:08,020 ERROR 18388 [-/127.0.0.1/-/2ms POST /v1/order] nodejs.TypeError: Cannot read property 'count' of undefined
    at OperatingGoodsController.order (C:\Users\Liu\Desktop\mall\server\app\controller\api\operatingGoods.js:197:34)
    at runMicrotasks (<anonymous>)
    at processTicksAndRejections (internal/process/task_queues.js:93:5)
    at async C:\Users\Liu\Desktop\mall\server\app\middleware\isLogin.js:15:13
    at async C:\Users\Liu\Desktop\mall\server\node_modules\_egg-development@2.5.0@egg-development\app\middleware\egg_loader_trace.js:9:50
    at async xframe (C:\Users\Liu\Desktop\mall\server\node_modules\_egg-security@2.8.0@egg-security\lib\middlewares\xframe.js:7:5)
    at async xssProtection (C:\Users\Liu\Desktop\mall\server\node_modules\_egg-security@2.8.0@egg-security\lib\middlewares\xssProtection.js:7:5)
    at async nosniff (C:\Users\Liu\Desktop\mall\server\node_modules\_egg-security@2.8.0@egg-security\lib\middlewares\nosniff.js:8:5)
    at async noopen (C:\Users\Liu\Desktop\mall\server\node_modules\_egg-security@2.8.0@egg-security\lib\middlewares\noopen.js:8:5)
    at async session (C:\Users\Liu\Desktop\mall\server\node_modules\_koa-session@6.0.0@koa-session\index.js:41:7)
    at async bodyParser (C:\Users\Liu\Desktop\mall\server\node_modules\_koa-bodyparser@4.3.0@koa-bodyparser\index.js:95:5)
    at async C:\Users\Liu\Desktop\mall\server\node_modules\_koa-static-cache@5.1.3@koa-static-cache\index.js:39:63
    at async notfound (C:\Users\Liu\Desktop\mall\server\node_modules\_egg@2.27.0@egg\app\middleware\notfound.js:5:5)
    at async meta (C:\Users\Liu\Desktop\mall\server\node_modules\_egg@2.27.0@egg\app\middleware\meta.js:12:5)

pid: 18388
hostname: LAPTOP-I8SB88A2

2020-07-29 09:10:08,025 ERROR 18388 [-/127.0.0.1/-/2ms POST /v1/order] nodejs.TypeError: Cannot read property 'count' of undefined
    at OperatingGoodsController.order (C:\Users\Liu\Desktop\mall\server\app\controller\api\operatingGoods.js:197:34)
    at runMicrotasks (<anonymous>)
    at processTicksAndRejections (internal/process/task_queues.js:93:5)
    at async C:\Users\Liu\Desktop\mall\server\app\middleware\isLogin.js:15:13
    at async C:\Users\Liu\Desktop\mall\server\node_modules\_egg-development@2.5.0@egg-development\app\middleware\egg_loader_trace.js:9:50
    at async xframe (C:\Users\Liu\Desktop\mall\server\node_modules\_egg-security@2.8.0@egg-security\lib\middlewares\xframe.js:7:5)
    at async xssProtection (C:\Users\Liu\Desktop\mall\server\node_modules\_egg-security@2.8.0@egg-security\lib\middlewares\xssProtection.js:7:5)
    at async nosniff (C:\Users\Liu\Desktop\mall\server\node_modules\_egg-security@2.8.0@egg-security\lib\middlewares\nosniff.js:8:5)
    at async noopen (C:\Users\Liu\Desktop\mall\server\node_modules\_egg-security@2.8.0@egg-security\lib\middlewares\noopen.js:8:5)
    at async session (C:\Users\Liu\Desktop\mall\server\node_modules\_koa-session@6.0.0@koa-session\index.js:41:7)
    at async bodyParser (C:\Users\Liu\Desktop\mall\server\node_modules\_koa-bodyparser@4.3.0@koa-bodyparser\index.js:95:5)
    at async C:\Users\Liu\Desktop\mall\server\node_modules\_koa-static-cache@5.1.3@koa-static-cache\index.js:39:63
    at async notfound (C:\Users\Liu\Desktop\mall\server\node_modules\_egg@2.27.0@egg\app\middleware\notfound.js:5:5)
    at async meta (C:\Users\Liu\Desktop\mall\server\node_modules\_egg@2.27.0@egg\app\middleware\meta.js:12:5)

pid: 18388
hostname: LAPTOP-I8SB88A2

2020-07-29 09:10:12,550 ERROR 18388 [-/127.0.0.1/-/3ms POST /v1/order] nodejs.TypeError: Cannot read property 'count' of undefined
    at OperatingGoodsController.order (C:\Users\Liu\Desktop\mall\server\app\controller\api\operatingGoods.js:197:34)
    at runMicrotasks (<anonymous>)
    at processTicksAndRejections (internal/process/task_queues.js:93:5)
    at async C:\Users\Liu\Desktop\mall\server\app\middleware\isLogin.js:15:13
    at async C:\Users\Liu\Desktop\mall\server\node_modules\_egg-development@2.5.0@egg-development\app\middleware\egg_loader_trace.js:9:50
    at async xframe (C:\Users\Liu\Desktop\mall\server\node_modules\_egg-security@2.8.0@egg-security\lib\middlewares\xframe.js:7:5)
    at async xssProtection (C:\Users\Liu\Desktop\mall\server\node_modules\_egg-security@2.8.0@egg-security\lib\middlewares\xssProtection.js:7:5)
    at async nosniff (C:\Users\Liu\Desktop\mall\server\node_modules\_egg-security@2.8.0@egg-security\lib\middlewares\nosniff.js:8:5)
    at async noopen (C:\Users\Liu\Desktop\mall\server\node_modules\_egg-security@2.8.0@egg-security\lib\middlewares\noopen.js:8:5)
    at async session (C:\Users\Liu\Desktop\mall\server\node_modules\_koa-session@6.0.0@koa-session\index.js:41:7)
    at async bodyParser (C:\Users\Liu\Desktop\mall\server\node_modules\_koa-bodyparser@4.3.0@koa-bodyparser\index.js:95:5)
    at async C:\Users\Liu\Desktop\mall\server\node_modules\_koa-static-cache@5.1.3@koa-static-cache\index.js:39:63
    at async notfound (C:\Users\Liu\Desktop\mall\server\node_modules\_egg@2.27.0@egg\app\middleware\notfound.js:5:5)
    at async meta (C:\Users\Liu\Desktop\mall\server\node_modules\_egg@2.27.0@egg\app\middleware\meta.js:12:5)

pid: 18388
hostname: LAPTOP-I8SB88A2

2020-07-29 09:10:12,555 ERROR 18388 [-/127.0.0.1/-/2ms POST /v1/order] nodejs.TypeError: Cannot read property 'count' of undefined
    at OperatingGoodsController.order (C:\Users\Liu\Desktop\mall\server\app\controller\api\operatingGoods.js:197:34)
    at runMicrotasks (<anonymous>)
    at processTicksAndRejections (internal/process/task_queues.js:93:5)
    at async C:\Users\Liu\Desktop\mall\server\app\middleware\isLogin.js:15:13
    at async C:\Users\Liu\Desktop\mall\server\node_modules\_egg-development@2.5.0@egg-development\app\middleware\egg_loader_trace.js:9:50
    at async xframe (C:\Users\Liu\Desktop\mall\server\node_modules\_egg-security@2.8.0@egg-security\lib\middlewares\xframe.js:7:5)
    at async xssProtection (C:\Users\Liu\Desktop\mall\server\node_modules\_egg-security@2.8.0@egg-security\lib\middlewares\xssProtection.js:7:5)
    at async nosniff (C:\Users\Liu\Desktop\mall\server\node_modules\_egg-security@2.8.0@egg-security\lib\middlewares\nosniff.js:8:5)
    at async noopen (C:\Users\Liu\Desktop\mall\server\node_modules\_egg-security@2.8.0@egg-security\lib\middlewares\noopen.js:8:5)
    at async session (C:\Users\Liu\Desktop\mall\server\node_modules\_koa-session@6.0.0@koa-session\index.js:41:7)
    at async bodyParser (C:\Users\Liu\Desktop\mall\server\node_modules\_koa-bodyparser@4.3.0@koa-bodyparser\index.js:95:5)
    at async C:\Users\Liu\Desktop\mall\server\node_modules\_koa-static-cache@5.1.3@koa-static-cache\index.js:39:63
    at async notfound (C:\Users\Liu\Desktop\mall\server\node_modules\_egg@2.27.0@egg\app\middleware\notfound.js:5:5)
    at async meta (C:\Users\Liu\Desktop\mall\server\node_modules\_egg@2.27.0@egg\app\middleware\meta.js:12:5)

pid: 18388
hostname: LAPTOP-I8SB88A2

2020-07-29 09:31:12,003 ERROR 18388 [-/127.0.0.1/-/4ms POST /v1/order] nodejs.TypeError: Cannot read property 'count' of undefined
    at OperatingGoodsController.order (C:\Users\Liu\Desktop\mall\server\app\controller\api\operatingGoods.js:197:34)
    at runMicrotasks (<anonymous>)
    at processTicksAndRejections (internal/process/task_queues.js:93:5)
    at async C:\Users\Liu\Desktop\mall\server\app\middleware\isLogin.js:15:13
    at async C:\Users\Liu\Desktop\mall\server\node_modules\_egg-development@2.5.0@egg-development\app\middleware\egg_loader_trace.js:9:50
    at async xframe (C:\Users\Liu\Desktop\mall\server\node_modules\_egg-security@2.8.0@egg-security\lib\middlewares\xframe.js:7:5)
    at async xssProtection (C:\Users\Liu\Desktop\mall\server\node_modules\_egg-security@2.8.0@egg-security\lib\middlewares\xssProtection.js:7:5)
    at async nosniff (C:\Users\Liu\Desktop\mall\server\node_modules\_egg-security@2.8.0@egg-security\lib\middlewares\nosniff.js:8:5)
    at async noopen (C:\Users\Liu\Desktop\mall\server\node_modules\_egg-security@2.8.0@egg-security\lib\middlewares\noopen.js:8:5)
    at async session (C:\Users\Liu\Desktop\mall\server\node_modules\_koa-session@6.0.0@koa-session\index.js:41:7)
    at async bodyParser (C:\Users\Liu\Desktop\mall\server\node_modules\_koa-bodyparser@4.3.0@koa-bodyparser\index.js:95:5)
    at async C:\Users\Liu\Desktop\mall\server\node_modules\_koa-static-cache@5.1.3@koa-static-cache\index.js:39:63
    at async notfound (C:\Users\Liu\Desktop\mall\server\node_modules\_egg@2.27.0@egg\app\middleware\notfound.js:5:5)
    at async meta (C:\Users\Liu\Desktop\mall\server\node_modules\_egg@2.27.0@egg\app\middleware\meta.js:12:5)

pid: 18388
hostname: LAPTOP-I8SB88A2

2020-07-29 09:34:07,465 ERROR 18388 [-/127.0.0.1/-/1ms POST /v1/order] nodejs.TypeError: Cannot read property 'count' of undefined
    at OperatingGoodsController.order (C:\Users\Liu\Desktop\mall\server\app\controller\api\operatingGoods.js:197:34)
    at runMicrotasks (<anonymous>)
    at processTicksAndRejections (internal/process/task_queues.js:93:5)
    at async C:\Users\Liu\Desktop\mall\server\app\middleware\isLogin.js:15:13
    at async C:\Users\Liu\Desktop\mall\server\node_modules\_egg-development@2.5.0@egg-development\app\middleware\egg_loader_trace.js:9:50
    at async xframe (C:\Users\Liu\Desktop\mall\server\node_modules\_egg-security@2.8.0@egg-security\lib\middlewares\xframe.js:7:5)
    at async xssProtection (C:\Users\Liu\Desktop\mall\server\node_modules\_egg-security@2.8.0@egg-security\lib\middlewares\xssProtection.js:7:5)
    at async nosniff (C:\Users\Liu\Desktop\mall\server\node_modules\_egg-security@2.8.0@egg-security\lib\middlewares\nosniff.js:8:5)
    at async noopen (C:\Users\Liu\Desktop\mall\server\node_modules\_egg-security@2.8.0@egg-security\lib\middlewares\noopen.js:8:5)
    at async session (C:\Users\Liu\Desktop\mall\server\node_modules\_koa-session@6.0.0@koa-session\index.js:41:7)
    at async bodyParser (C:\Users\Liu\Desktop\mall\server\node_modules\_koa-bodyparser@4.3.0@koa-bodyparser\index.js:95:5)
    at async C:\Users\Liu\Desktop\mall\server\node_modules\_koa-static-cache@5.1.3@koa-static-cache\index.js:39:63
    at async notfound (C:\Users\Liu\Desktop\mall\server\node_modules\_egg@2.27.0@egg\app\middleware\notfound.js:5:5)
    at async meta (C:\Users\Liu\Desktop\mall\server\node_modules\_egg@2.27.0@egg\app\middleware\meta.js:12:5)

pid: 18388
hostname: LAPTOP-I8SB88A2

2020-07-29 09:34:15,068 ERROR 18388 [-/127.0.0.1/-/1ms POST /v1/order] nodejs.TypeError: Cannot read property 'count' of undefined
    at OperatingGoodsController.order (C:\Users\Liu\Desktop\mall\server\app\controller\api\operatingGoods.js:197:34)
    at runMicrotasks (<anonymous>)
    at processTicksAndRejections (internal/process/task_queues.js:93:5)
    at async C:\Users\Liu\Desktop\mall\server\app\middleware\isLogin.js:15:13
    at async C:\Users\Liu\Desktop\mall\server\node_modules\_egg-development@2.5.0@egg-development\app\middleware\egg_loader_trace.js:9:50
    at async xframe (C:\Users\Liu\Desktop\mall\server\node_modules\_egg-security@2.8.0@egg-security\lib\middlewares\xframe.js:7:5)
    at async xssProtection (C:\Users\Liu\Desktop\mall\server\node_modules\_egg-security@2.8.0@egg-security\lib\middlewares\xssProtection.js:7:5)
    at async nosniff (C:\Users\Liu\Desktop\mall\server\node_modules\_egg-security@2.8.0@egg-security\lib\middlewares\nosniff.js:8:5)
    at async noopen (C:\Users\Liu\Desktop\mall\server\node_modules\_egg-security@2.8.0@egg-security\lib\middlewares\noopen.js:8:5)
    at async session (C:\Users\Liu\Desktop\mall\server\node_modules\_koa-session@6.0.0@koa-session\index.js:41:7)
    at async bodyParser (C:\Users\Liu\Desktop\mall\server\node_modules\_koa-bodyparser@4.3.0@koa-bodyparser\index.js:95:5)
    at async C:\Users\Liu\Desktop\mall\server\node_modules\_koa-static-cache@5.1.3@koa-static-cache\index.js:39:63
    at async notfound (C:\Users\Liu\Desktop\mall\server\node_modules\_egg@2.27.0@egg\app\middleware\notfound.js:5:5)
    at async meta (C:\Users\Liu\Desktop\mall\server\node_modules\_egg@2.27.0@egg\app\middleware\meta.js:12:5)

pid: 18388
hostname: LAPTOP-I8SB88A2

2020-07-29 09:47:47,832 ERROR 18388 [-/127.0.0.1/-/2ms POST /v1/order] nodejs.TypeError: Cannot read property 'count' of undefined
    at OperatingGoodsController.order (C:\Users\Liu\Desktop\mall\server\app\controller\api\operatingGoods.js:197:34)
    at runMicrotasks (<anonymous>)
    at processTicksAndRejections (internal/process/task_queues.js:93:5)
    at async C:\Users\Liu\Desktop\mall\server\app\middleware\isLogin.js:15:13
    at async C:\Users\Liu\Desktop\mall\server\node_modules\_egg-development@2.5.0@egg-development\app\middleware\egg_loader_trace.js:9:50
    at async xframe (C:\Users\Liu\Desktop\mall\server\node_modules\_egg-security@2.8.0@egg-security\lib\middlewares\xframe.js:7:5)
    at async xssProtection (C:\Users\Liu\Desktop\mall\server\node_modules\_egg-security@2.8.0@egg-security\lib\middlewares\xssProtection.js:7:5)
    at async nosniff (C:\Users\Liu\Desktop\mall\server\node_modules\_egg-security@2.8.0@egg-security\lib\middlewares\nosniff.js:8:5)
    at async noopen (C:\Users\Liu\Desktop\mall\server\node_modules\_egg-security@2.8.0@egg-security\lib\middlewares\noopen.js:8:5)
    at async session (C:\Users\Liu\Desktop\mall\server\node_modules\_koa-session@6.0.0@koa-session\index.js:41:7)
    at async bodyParser (C:\Users\Liu\Desktop\mall\server\node_modules\_koa-bodyparser@4.3.0@koa-bodyparser\index.js:95:5)
    at async C:\Users\Liu\Desktop\mall\server\node_modules\_koa-static-cache@5.1.3@koa-static-cache\index.js:39:63
    at async notfound (C:\Users\Liu\Desktop\mall\server\node_modules\_egg@2.27.0@egg\app\middleware\notfound.js:5:5)
    at async meta (C:\Users\Liu\Desktop\mall\server\node_modules\_egg@2.27.0@egg\app\middleware\meta.js:12:5)

pid: 18388
hostname: LAPTOP-I8SB88A2

2020-07-29 09:47:54,677 ERROR 18388 [-/127.0.0.1/-/4ms POST /v1/order] nodejs.TypeError: Cannot read property 'count' of undefined
    at OperatingGoodsController.order (C:\Users\Liu\Desktop\mall\server\app\controller\api\operatingGoods.js:197:34)
    at runMicrotasks (<anonymous>)
    at processTicksAndRejections (internal/process/task_queues.js:93:5)
    at async C:\Users\Liu\Desktop\mall\server\app\middleware\isLogin.js:15:13
    at async C:\Users\Liu\Desktop\mall\server\node_modules\_egg-development@2.5.0@egg-development\app\middleware\egg_loader_trace.js:9:50
    at async xframe (C:\Users\Liu\Desktop\mall\server\node_modules\_egg-security@2.8.0@egg-security\lib\middlewares\xframe.js:7:5)
    at async xssProtection (C:\Users\Liu\Desktop\mall\server\node_modules\_egg-security@2.8.0@egg-security\lib\middlewares\xssProtection.js:7:5)
    at async nosniff (C:\Users\Liu\Desktop\mall\server\node_modules\_egg-security@2.8.0@egg-security\lib\middlewares\nosniff.js:8:5)
    at async noopen (C:\Users\Liu\Desktop\mall\server\node_modules\_egg-security@2.8.0@egg-security\lib\middlewares\noopen.js:8:5)
    at async session (C:\Users\Liu\Desktop\mall\server\node_modules\_koa-session@6.0.0@koa-session\index.js:41:7)
    at async bodyParser (C:\Users\Liu\Desktop\mall\server\node_modules\_koa-bodyparser@4.3.0@koa-bodyparser\index.js:95:5)
    at async C:\Users\Liu\Desktop\mall\server\node_modules\_koa-static-cache@5.1.3@koa-static-cache\index.js:39:63
    at async notfound (C:\Users\Liu\Desktop\mall\server\node_modules\_egg@2.27.0@egg\app\middleware\notfound.js:5:5)
    at async meta (C:\Users\Liu\Desktop\mall\server\node_modules\_egg@2.27.0@egg\app\middleware\meta.js:12:5)

pid: 18388
hostname: LAPTOP-I8SB88A2

2020-07-29 09:48:51,818 ERROR 18388 [-/127.0.0.1/-/2ms POST /v1/order] nodejs.TypeError: Cannot read property 'count' of undefined
    at OperatingGoodsController.order (C:\Users\Liu\Desktop\mall\server\app\controller\api\operatingGoods.js:197:34)
    at runMicrotasks (<anonymous>)
    at processTicksAndRejections (internal/process/task_queues.js:93:5)
    at async C:\Users\Liu\Desktop\mall\server\app\middleware\isLogin.js:15:13
    at async C:\Users\Liu\Desktop\mall\server\node_modules\_egg-development@2.5.0@egg-development\app\middleware\egg_loader_trace.js:9:50
    at async xframe (C:\Users\Liu\Desktop\mall\server\node_modules\_egg-security@2.8.0@egg-security\lib\middlewares\xframe.js:7:5)
    at async xssProtection (C:\Users\Liu\Desktop\mall\server\node_modules\_egg-security@2.8.0@egg-security\lib\middlewares\xssProtection.js:7:5)
    at async nosniff (C:\Users\Liu\Desktop\mall\server\node_modules\_egg-security@2.8.0@egg-security\lib\middlewares\nosniff.js:8:5)
    at async noopen (C:\Users\Liu\Desktop\mall\server\node_modules\_egg-security@2.8.0@egg-security\lib\middlewares\noopen.js:8:5)
    at async session (C:\Users\Liu\Desktop\mall\server\node_modules\_koa-session@6.0.0@koa-session\index.js:41:7)
    at async bodyParser (C:\Users\Liu\Desktop\mall\server\node_modules\_koa-bodyparser@4.3.0@koa-bodyparser\index.js:95:5)
    at async C:\Users\Liu\Desktop\mall\server\node_modules\_koa-static-cache@5.1.3@koa-static-cache\index.js:39:63
    at async notfound (C:\Users\Liu\Desktop\mall\server\node_modules\_egg@2.27.0@egg\app\middleware\notfound.js:5:5)
    at async meta (C:\Users\Liu\Desktop\mall\server\node_modules\_egg@2.27.0@egg\app\middleware\meta.js:12:5)

pid: 18388
hostname: LAPTOP-I8SB88A2

2020-07-29 09:49:49,022 ERROR 18388 [-/127.0.0.1/-/2ms POST /v1/order] nodejs.TypeError: Cannot read property 'count' of undefined
    at OperatingGoodsController.order (C:\Users\Liu\Desktop\mall\server\app\controller\api\operatingGoods.js:197:34)
    at runMicrotasks (<anonymous>)
    at processTicksAndRejections (internal/process/task_queues.js:93:5)
    at async C:\Users\Liu\Desktop\mall\server\app\middleware\isLogin.js:15:13
    at async C:\Users\Liu\Desktop\mall\server\node_modules\_egg-development@2.5.0@egg-development\app\middleware\egg_loader_trace.js:9:50
    at async xframe (C:\Users\Liu\Desktop\mall\server\node_modules\_egg-security@2.8.0@egg-security\lib\middlewares\xframe.js:7:5)
    at async xssProtection (C:\Users\Liu\Desktop\mall\server\node_modules\_egg-security@2.8.0@egg-security\lib\middlewares\xssProtection.js:7:5)
    at async nosniff (C:\Users\Liu\Desktop\mall\server\node_modules\_egg-security@2.8.0@egg-security\lib\middlewares\nosniff.js:8:5)
    at async noopen (C:\Users\Liu\Desktop\mall\server\node_modules\_egg-security@2.8.0@egg-security\lib\middlewares\noopen.js:8:5)
    at async session (C:\Users\Liu\Desktop\mall\server\node_modules\_koa-session@6.0.0@koa-session\index.js:41:7)
    at async bodyParser (C:\Users\Liu\Desktop\mall\server\node_modules\_koa-bodyparser@4.3.0@koa-bodyparser\index.js:95:5)
    at async C:\Users\Liu\Desktop\mall\server\node_modules\_koa-static-cache@5.1.3@koa-static-cache\index.js:39:63
    at async notfound (C:\Users\Liu\Desktop\mall\server\node_modules\_egg@2.27.0@egg\app\middleware\notfound.js:5:5)
    at async meta (C:\Users\Liu\Desktop\mall\server\node_modules\_egg@2.27.0@egg\app\middleware\meta.js:12:5)

pid: 18388
hostname: LAPTOP-I8SB88A2

2020-07-29 09:52:42,296 ERROR 18388 [-/127.0.0.1/-/3ms POST /v1/order] nodejs.TypeError: Cannot read property 'count' of undefined
    at OperatingGoodsController.order (C:\Users\Liu\Desktop\mall\server\app\controller\api\operatingGoods.js:197:34)
    at runMicrotasks (<anonymous>)
    at processTicksAndRejections (internal/process/task_queues.js:93:5)
    at async C:\Users\Liu\Desktop\mall\server\app\middleware\isLogin.js:15:13
    at async C:\Users\Liu\Desktop\mall\server\node_modules\_egg-development@2.5.0@egg-development\app\middleware\egg_loader_trace.js:9:50
    at async xframe (C:\Users\Liu\Desktop\mall\server\node_modules\_egg-security@2.8.0@egg-security\lib\middlewares\xframe.js:7:5)
    at async xssProtection (C:\Users\Liu\Desktop\mall\server\node_modules\_egg-security@2.8.0@egg-security\lib\middlewares\xssProtection.js:7:5)
    at async nosniff (C:\Users\Liu\Desktop\mall\server\node_modules\_egg-security@2.8.0@egg-security\lib\middlewares\nosniff.js:8:5)
    at async noopen (C:\Users\Liu\Desktop\mall\server\node_modules\_egg-security@2.8.0@egg-security\lib\middlewares\noopen.js:8:5)
    at async session (C:\Users\Liu\Desktop\mall\server\node_modules\_koa-session@6.0.0@koa-session\index.js:41:7)
    at async bodyParser (C:\Users\Liu\Desktop\mall\server\node_modules\_koa-bodyparser@4.3.0@koa-bodyparser\index.js:95:5)
    at async C:\Users\Liu\Desktop\mall\server\node_modules\_koa-static-cache@5.1.3@koa-static-cache\index.js:39:63
    at async notfound (C:\Users\Liu\Desktop\mall\server\node_modules\_egg@2.27.0@egg\app\middleware\notfound.js:5:5)
    at async meta (C:\Users\Liu\Desktop\mall\server\node_modules\_egg@2.27.0@egg\app\middleware\meta.js:12:5)

pid: 18388
hostname: LAPTOP-I8SB88A2

